13:11:45 **** Build of configuration Debug for project AdresseTesteur ****
make all 
Building target: AdresseTesteur
Invoking: GCC C++ Linker
g++ -L"/mnt/hgfs/Gif-1003/TP_3/source/Debug" -o "AdresseTesteur"  ./AdresseTesteur.o   -lsource -lgtest_main -lgtest -lpthread
Finished building target: AdresseTesteur
 
13:13:15 **** Incremental Build of configuration Debug for project AdresseTesteur ****
make all 
make: rien à faire pour « all ».
13:13:21 **** Incremental Build of configuration Debug for project CandidatTesteur ****
make all 
make: rien à faire pour « all ».
13:13:27 **** Incremental Build of configuration Debug for project CirconscriptionTesteur ****
make all 
make: rien à faire pour « all ».
13:13:33 **** Incremental Build of configuration Debug for project ElecteurTesteur ****
make all 
make: rien à faire pour « all ».
13:13:38 **** Incremental Build of configuration Debug for project PersonneTesteur ****
make all 
make: rien à faire pour « all ».
13:13:44 **** Incremental Build of configuration Debug for project principal ****
make all 
make: rien à faire pour « all ».
13:15:45 **** Incremental Build of configuration Debug for project AdresseTesteur ****
make all 
make: rien à faire pour « all ».
